2025-12-31T08:52:27 | touched: Cargo.toml
2026-01-16T23:58:32 | touched: LICENSE
2026-01-02T04:11:46 | touched: src/main.rs
2026-01-07T02:04:38 | touched: Cargo.toml
2026-01-12T01:41:02 | touched: src/lib.rs
2025-03-03T13:39:02 | touched: src/main.rs
2025-05-15T04:39:13 | touched: src/main.rs
2025-10-19T01:03:51 | touched: src/main.rs
2025-06-18T03:30:01 | touched: Cargo.toml
2025-01-31T23:52:57 | touched: LICENSE
2025-08-15T12:54:47 | touched: README.md
2025-01-26T23:20:12 | touched: Cargo.toml
2025-12-13T13:47:32 | touched: src/lib.rs
2025-03-03T20:18:15 | touched: LICENSE
2025-08-25T12:32:46 | touched: README.md
2025-02-17T16:36:56 | touched: README.md
2025-01-13T12:14:53 | touched: LICENSE
2025-03-14T10:41:16 | touched: src/main.rs
2025-03-31T01:20:32 | touched: Cargo.toml
2025-06-03T07:36:19 | touched: src/main.rs
2025-07-14T05:54:55 | touched: src/lib.rs
2025-04-27T07:28:05 | touched: src/lib.rs
2025-06-12T07:12:16 | touched: README.md
2025-01-25T18:40:39 | touched: src/lib.rs
2025-08-02T20:56:56 | touched: src/lib.rs
2025-08-22T15:33:37 | touched: src/main.rs
2025-04-27T19:06:35 | touched: README.md
2025-11-16T11:48:27 | touched: README.md
2025-09-16T01:23:52 | touched: src/lib.rs
2025-05-01T20:59:21 | touched: Cargo.toml
2025-03-07T22:30:09 | touched: src/lib.rs
2025-08-29T03:52:59 | touched: Cargo.toml
